<?xml version="1.0" encoding="UTF-8"?>
<testsuite xmlns:xsi="http://www.w3.org/2001/XMLSchema-instance" xsi:noNamespaceSchemaLocation="https://maven.apache.org/surefire/maven-surefire-plugin/xsd/surefire-test-report.xsd" name="com.roydon.securitydemo3.SecurityDemo3ApplicationTests" time="7.239" tests="2" errors="0" skipped="0" failures="0">
  <properties>
[...]
</properties>
  <testcase name="testUserMapper" classname="com.roydon.securitydemo3.SecurityDemo3ApplicationTests" time="1.75"/>
  <testcase name="contextLoads" classname="com.roydon.securitydemo3.SecurityDemo3ApplicationTests" time="0.042"/>
</testsuite>